mobile-android/app/build/intermediates/manifest_merge_blame_file/debug/manifest-merger-blame-debug-report.txt
1<?xml version="1.0" encoding="utf-8"?>
2<manifest xmlns:android="http://schemas.android.com/apk/res/android"
3    package="com.bizzan.app"
4    android:versionCode="1"
5    android:versionName="1.0.9" >
6
7    <uses-sdk
8        android:minSdkVersion="21"
8-->src\main\AndroidManifest.xml
9        android:targetSdkVersion="28" />
9-->src\main\AndroidManifest.xml
10
11    <uses-permission android:name="android.permission.INTERNET" />
11-->src\main\AndroidManifest.xml:5:5-67
11-->src\main\AndroidManifest.xml:5:22-64
12    <uses-permission android:name="android.permission.CAMERA" />
12-->src\main\AndroidManifest.xml:6:5-65
12-->src\main\AndroidManifest.xml:6:22-62
13    <uses-permission android:name="android.permission.ACCESS_WIFI_STATE" />
13-->src\main\AndroidManifest.xml:7:5-76
13-->src\main\AndroidManifest.xml:7:22-73
14    <uses-permission android:name="android.permission.ACCESS_NETWORK_STATE" />
14-->src\main\AndroidManifest.xml:8:5-79
14-->src\main\AndroidManifest.xml:8:22-76
15    <uses-permission android:name="android.permission.CHANGE_WIFI_STATE" />
15-->src\main\AndroidManifest.xml:9:5-76
15-->src\main\AndroidManifest.xml:9:22-73
16    <uses-permission android:name="android.permission.READ_PHONE_STATE" />
16-->src\main\AndroidManifest.xml:10:5-75
16-->src\main\AndroidManifest.xml:10:22-72
17    <uses-permission android:name="android.permission.READ_EXTERNAL_STORAGE" />
17-->src\main\AndroidManifest.xml:11:5-80
17-->src\main\AndroidManifest.xml:11:22-77
18    <uses-permission android:name="android.permission.WRITE_EXTERNAL_STORAGE" />
18-->src\main\AndroidManifest.xml:12:5-81
18-->src\main\AndroidManifest.xml:12:22-78
19    <uses-permission android:name="android.permission.REQUEST_INSTALL_PACKAGES" />
19-->src\main\AndroidManifest.xml:13:5-83
19-->src\main\AndroidManifest.xml:13:22-80
20    <uses-permission android:name="android.permission.BLUETOOTH" />
20-->src\main\AndroidManifest.xml:14:5-68
20-->src\main\AndroidManifest.xml:14:22-65
21    <uses-permission android:name="android.permission.WRITE_EXTERNAL_STORAGE" />
21-->src\main\AndroidManifest.xml:12:5-81
21-->src\main\AndroidManifest.xml:12:22-78
22    <uses-permission android:name="android.permission.ACCESS_FINE_LOCATION" />
22-->src\main\AndroidManifest.xml:16:5-79
22-->src\main\AndroidManifest.xml:16:22-76
23    <uses-permission android:name="android.permission.GET_TASKS" />
23-->src\main\AndroidManifest.xml:17:5-68
23-->src\main\AndroidManifest.xml:17:22-65
24    <uses-permission android:name="android.permission.ACCESS_FINE_LOCATION" />
24-->src\main\AndroidManifest.xml:16:5-79
24-->src\main\AndroidManifest.xml:16:22-76
25
26    <application
26-->src\main\AndroidManifest.xml:20:5-230:19
27        android:name="com.bizzan.app.MyApplication"
27-->src\main\AndroidManifest.xml:21:9-42
28        android:allowBackup="true"
28-->src\main\AndroidManifest.xml:22:9-35
29        android:appComponentFactory="android.support.v4.app.CoreComponentFactory"
29-->[com.android.support:support-compat:28.0.0] AndroidManifest.xml:22:18-91
30        android:debuggable="true"
31        android:icon="@mipmap/ic_cm_logo"
31-->src\main\AndroidManifest.xml:23:9-42
32        android:label="@string/app_name"
32-->src\main\AndroidManifest.xml:24:9-41
33        android:largeHeap="true"
33-->src\main\AndroidManifest.xml:25:9-33
34        android:networkSecurityConfig="@xml/network"
34-->src\main\AndroidManifest.xml:26:9-53
35        android:roundIcon="@mipmap/ic_cm_logo"
35-->src\main\AndroidManifest.xml:27:9-47
36        android:supportsRtl="true"
36-->src\main\AndroidManifest.xml:28:9-35
37        android:theme="@style/AppTheme.StartingWindowTheme" >
37-->src\main\AndroidManifest.xml:29:9-60
38        <activity
38-->src\main\AndroidManifest.xml:30:9-34:58
39            android:name="com.bizzan.ui.home.SearchCurrencyActivity"
39-->src\main\AndroidManifest.xml:31:13-59
40            android:configChanges="orientation|screenSize"
40-->src\main\AndroidManifest.xml:32:13-59
41            android:screenOrientation="portrait"
41-->src\main\AndroidManifest.xml:33:13-49
42            android:windowSoftInputMode="adjustResize" />
42-->src\main\AndroidManifest.xml:34:13-55
43        <activity
43-->src\main\AndroidManifest.xml:35:9-38:58
44            android:name="com.bizzan.ui.activity.MyAttendActivity"
44-->src\main\AndroidManifest.xml:36:13-57
45            android:screenOrientation="portrait"
45-->src\main\AndroidManifest.xml:37:13-49
46            android:windowSoftInputMode="adjustResize" />
46-->src\main\AndroidManifest.xml:38:13-55
47        <activity
47-->src\main\AndroidManifest.xml:39:9-43:58
48            android:name="com.bizzan.ui.activity.DetailActivity"
48-->src\main\AndroidManifest.xml:40:13-55
49            android:configChanges="orientation|screenSize"
49-->src\main\AndroidManifest.xml:41:13-59
50            android:screenOrientation="portrait"
50-->src\main\AndroidManifest.xml:42:13-49
51            android:windowSoftInputMode="adjustResize" />
51-->src\main\AndroidManifest.xml:43:13-55
52        <activity
52-->src\main\AndroidManifest.xml:44:9-47:52
53            android:name="com.bizzan.ui.activity.ActivityList"
53-->src\main\AndroidManifest.xml:45:13-53
54            android:configChanges="orientation|screenSize"
54-->src\main\AndroidManifest.xml:46:13-59
55            android:screenOrientation="portrait" />
55-->src\main\AndroidManifest.xml:47:13-49
56        <activity
56-->src\main\AndroidManifest.xml:48:9-51:52
57            android:name="com.bizzan.ui.wallet.SelectCoinActivity"
57-->src\main\AndroidManifest.xml:49:13-57
58            android:configChanges="orientation|screenSize"
58-->src\main\AndroidManifest.xml:50:13-59
59            android:screenOrientation="portrait" />
59-->src\main\AndroidManifest.xml:51:13-49
60        <activity
60-->src\main\AndroidManifest.xml:52:9-55:52
61            android:name="com.bizzan.ui.wallet.SelectAccountActivity"
61-->src\main\AndroidManifest.xml:53:13-60
62            android:configChanges="orientation|screenSize"
62-->src\main\AndroidManifest.xml:54:13-59
63            android:screenOrientation="portrait" />
63-->src\main\AndroidManifest.xml:55:13-49
64        <activity
64-->src\main\AndroidManifest.xml:56:9-59:52
65            android:name="com.bizzan.ui.wallet.WalletListActivity"
65-->src\main\AndroidManifest.xml:57:13-57
66            android:configChanges="orientation|screenSize"
66-->src\main\AndroidManifest.xml:58:13-59
67            android:screenOrientation="portrait" />
67-->src\main\AndroidManifest.xml:59:13-49
68
69        <provider
69-->src\main\AndroidManifest.xml:61:9-70:20
70            android:name="android.support.v4.content.FileProvider"
70-->src\main\AndroidManifest.xml:62:13-67
71            android:authorities="com.bizzan.app.fileprovider"
71-->src\main\AndroidManifest.xml:63:13-62
72            android:enabled="true"
72-->src\main\AndroidManifest.xml:64:13-35
73            android:exported="false"
73-->src\main\AndroidManifest.xml:65:13-37
74            android:grantUriPermissions="true" >
74-->src\main\AndroidManifest.xml:66:13-47
75            <meta-data
75-->src\main\AndroidManifest.xml:67:13-69:54
76                android:name="android.support.FILE_PROVIDER_PATHS"
76-->src\main\AndroidManifest.xml:68:17-67
77                android:resource="@xml/file_paths" />
77-->src\main\AndroidManifest.xml:69:17-51
78        </provider> <!-- Umeng -->
79        <meta-data
79-->src\main\AndroidManifest.xml:71:9-73:56
80            android:name="UMENG_APPKEY"
80-->src\main\AndroidManifest.xml:72:13-40
81            android:value="5d676f05570df3627e00086c" />
81-->src\main\AndroidManifest.xml:73:13-53
82
83        <activity
83-->src\main\AndroidManifest.xml:75:9-79:52
84            android:name="com.bizzan.ui.home.MainActivity"
84-->src\main\AndroidManifest.xml:76:13-49
85            android:configChanges="orientation|screenSize"
85-->src\main\AndroidManifest.xml:77:13-59
86            android:launchMode="singleTask"
86-->src\main\AndroidManifest.xml:78:13-44
87            android:screenOrientation="portrait" />
87-->src\main\AndroidManifest.xml:79:13-49
88        <activity
88-->src\main\AndroidManifest.xml:80:9-84:52
89            android:name="com.bizzan.ui.login.LoginActivity"
89-->src\main\AndroidManifest.xml:81:13-51
90            android:configChanges="orientation|screenSize"
90-->src\main\AndroidManifest.xml:82:13-59
91            android:launchMode="singleTask"
91-->src\main\AndroidManifest.xml:83:13-44
92            android:screenOrientation="portrait" />
92-->src\main\AndroidManifest.xml:84:13-49
93        <activity
93-->src\main\AndroidManifest.xml:85:9-88:52
94            android:name="com.bizzan.ui.common.LeadActivity"
94-->src\main\AndroidManifest.xml:86:13-51
95            android:configChanges="orientation|screenSize"
95-->src\main\AndroidManifest.xml:87:13-59
96            android:screenOrientation="portrait" />
96-->src\main\AndroidManifest.xml:88:13-49
97        <activity
97-->src\main\AndroidManifest.xml:89:9-92:52
98            android:name="com.bizzan.ui.common.PermissionActivity"
98-->src\main\AndroidManifest.xml:90:13-57
99            android:configChanges="orientation|screenSize"
99-->src\main\AndroidManifest.xml:91:13-59
100            android:screenOrientation="portrait" />
100-->src\main\AndroidManifest.xml:92:13-49
101        <activity
101-->src\main\AndroidManifest.xml:93:9-103:20
102            android:name="com.bizzan.ui.common.StartActivity"
102-->src\main\AndroidManifest.xml:94:13-52
103            android:configChanges="orientation|screenSize"
103-->src\main\AndroidManifest.xml:95:13-59
104            android:hardwareAccelerated="true"
104-->src\main\AndroidManifest.xml:96:13-47
105            android:screenOrientation="portrait" >
105-->src\main\AndroidManifest.xml:97:13-49
106            <intent-filter>
106-->src\main\AndroidManifest.xml:98:13-102:29
107                <action android:name="android.intent.action.MAIN" />
107-->src\main\AndroidManifest.xml:99:17-69
107-->src\main\AndroidManifest.xml:99:25-66
108
109                <category android:name="android.intent.category.LAUNCHER" />
109-->src\main\AndroidManifest.xml:101:17-77
109-->src\main\AndroidManifest.xml:101:27-74
110            </intent-filter>
111        </activity>
112        <activity
112-->src\main\AndroidManifest.xml:104:9-107:52
113            android:name="com.bizzan.ui.kline.KlineActivity"
113-->src\main\AndroidManifest.xml:105:13-51
114            android:configChanges="orientation|screenSize"
114-->src\main\AndroidManifest.xml:106:13-59
115            android:screenOrientation="portrait" />
115-->src\main\AndroidManifest.xml:107:13-49
116        <activity
116-->src\main\AndroidManifest.xml:108:9-112:52
117            android:name="com.bizzan.ui.signup.SignUpActivity"
117-->src\main\AndroidManifest.xml:109:13-53
118            android:configChanges="orientation|screenSize"
118-->src\main\AndroidManifest.xml:110:13-59
119            android:launchMode="singleTask"
119-->src\main\AndroidManifest.xml:111:13-44
120            android:screenOrientation="portrait" />
120-->src\main\AndroidManifest.xml:112:13-49
121        <activity
121-->src\main\AndroidManifest.xml:113:9-116:52
122            android:name="com.bizzan.ui.forgot_pwd.ForgotPwdActivity"
122-->src\main\AndroidManifest.xml:114:13-60
123            android:configChanges="orientation|screenSize"
123-->src\main\AndroidManifest.xml:115:13-59
124            android:screenOrientation="portrait" />
124-->src\main\AndroidManifest.xml:116:13-49
125        <activity
125-->src\main\AndroidManifest.xml:117:9-121:52
126            android:name="com.bizzan.ui.myinfo.MyInfoActivity"
126-->src\main\AndroidManifest.xml:118:13-53
127            android:configChanges="orientation|screenSize"
127-->src\main\AndroidManifest.xml:119:13-59
128            android:launchMode="singleTask"
128-->src\main\AndroidManifest.xml:120:13-44
129            android:screenOrientation="portrait" />
129-->src\main\AndroidManifest.xml:121:13-49
130        <activity
130-->src\main\AndroidManifest.xml:122:9-125:52
131            android:name="com.bizzan.ui.wallet.WalletActivity"
131-->src\main\AndroidManifest.xml:123:13-53
132            android:configChanges="orientation|screenSize"
132-->src\main\AndroidManifest.xml:124:13-59
133            android:screenOrientation="portrait" />
133-->src\main\AndroidManifest.xml:125:13-49
134        <activity
134-->src\main\AndroidManifest.xml:126:9-129:52
135            android:name="com.bizzan.ui.wallet_detail.WalletDetailActivity"
135-->src\main\AndroidManifest.xml:127:13-66
136            android:configChanges="orientation|screenSize"
136-->src\main\AndroidManifest.xml:128:13-59
137            android:screenOrientation="portrait" />
137-->src\main\AndroidManifest.xml:129:13-49
138        <activity
138-->src\main\AndroidManifest.xml:130:9-133:52
139            android:name="com.bizzan.ui.my_order.MyOrderActivity"
139-->src\main\AndroidManifest.xml:131:13-56
140            android:configChanges="orientation|screenSize"
140-->src\main\AndroidManifest.xml:132:13-59
141            android:screenOrientation="portrait" />
141-->src\main\AndroidManifest.xml:133:13-49
142        <activity
142-->src\main\AndroidManifest.xml:134:9-137:52
143            android:name="com.bizzan.ui.my_ads.AdsActivity"
143-->src\main\AndroidManifest.xml:135:13-50
144            android:configChanges="orientation|screenSize"
144-->src\main\AndroidManifest.xml:136:13-59
145            android:screenOrientation="portrait" />
145-->src\main\AndroidManifest.xml:137:13-49
146        <activity
146-->src\main\AndroidManifest.xml:138:9-141:52
147            android:name="com.bizzan.ui.message.MessageActivity"
147-->src\main\AndroidManifest.xml:139:13-55
148            android:configChanges="orientation|screenSize"
148-->src\main\AndroidManifest.xml:140:13-59
149            android:screenOrientation="portrait" />
149-->src\main\AndroidManifest.xml:141:13-49
150        <activity
150-->src\main\AndroidManifest.xml:142:9-145:52
151            android:name="com.bizzan.ui.credit.CreditActivity"
151-->src\main\AndroidManifest.xml:143:13-53
152            android:configChanges="orientation|screenSize"
152-->src\main\AndroidManifest.xml:144:13-59
153            android:screenOrientation="portrait" />
153-->src\main\AndroidManifest.xml:145:13-49
154        <activity
154-->src\main\AndroidManifest.xml:146:9-149:52
155            android:name="com.bizzan.ui.setting.SettingActivity"
155-->src\main\AndroidManifest.xml:147:13-55
156            android:configChanges="orientation|screenSize"
156-->src\main\AndroidManifest.xml:148:13-59
157            android:screenOrientation="portrait" />
157-->src\main\AndroidManifest.xml:149:13-49
158        <activity
158-->src\main\AndroidManifest.xml:150:9-153:52
159            android:name="com.bizzan.ui.feed.FeedbackActivity"
159-->src\main\AndroidManifest.xml:151:13-53
160            android:configChanges="orientation|screenSize"
160-->src\main\AndroidManifest.xml:152:13-59
161            android:screenOrientation="portrait" />
161-->src\main\AndroidManifest.xml:153:13-49
162        <activity
162-->src\main\AndroidManifest.xml:154:9-157:52
163            android:name="com.bizzan.ui.aboutus.AboutUsActivity"
163-->src\main\AndroidManifest.xml:155:13-55
164            android:configChanges="orientation|screenSize"
164-->src\main\AndroidManifest.xml:156:13-59
165            android:screenOrientation="portrait" />
165-->src\main\AndroidManifest.xml:157:13-49
166        <activity android:name="com.bizzan.ui.releaseAd.ReleaseAdsActivity" />
166-->src\main\AndroidManifest.xml:158:9-69
166-->src\main\AndroidManifest.xml:158:19-66
167        <activity android:name="com.bizzan.ui.country.CountryActivity" />
167-->src\main\AndroidManifest.xml:159:9-64
167-->src\main\AndroidManifest.xml:159:19-61
168        <activity android:name="com.bizzan.ui.account_pwd.AccountPwdActivity" />
168-->src\main\AndroidManifest.xml:160:9-71
168-->src\main\AndroidManifest.xml:160:19-68
169        <activity android:name="com.bizzan.ui.buy_or_sell.C2CBuyOrSellActivity" />
169-->src\main\AndroidManifest.xml:161:9-73
169-->src\main\AndroidManifest.xml:161:19-70
170        <activity android:name="com.bizzan.ui.recharge.RechargeActivity" />
170-->src\main\AndroidManifest.xml:162:9-66
170-->src\main\AndroidManifest.xml:162:19-63
171        <activity android:name="com.bizzan.ui.extract.ExtractActivity" />
171-->src\main\AndroidManifest.xml:163:9-64
171-->src\main\AndroidManifest.xml:163:19-61
172        <activity android:name="com.bizzan.ui.ctc.CTCActivity" />
172-->src\main\AndroidManifest.xml:164:9-56
172-->src\main\AndroidManifest.xml:164:19-53
173        <activity android:name="com.bizzan.ui.ctc.CTCOrderDetailActivity" />
173-->src\main\AndroidManifest.xml:165:9-67
173-->src\main\AndroidManifest.xml:165:19-64
174        <activity android:name="com.bizzan.ui.extract.AddressActivity" />
174-->src\main\AndroidManifest.xml:166:9-64
174-->src\main\AndroidManifest.xml:166:19-61
175        <activity android:name="com.bizzan.ui.bind_phone.BindPhoneActivity" />
175-->src\main\AndroidManifest.xml:167:9-69
175-->src\main\AndroidManifest.xml:167:19-66
176        <activity android:name="com.bizzan.ui.bind_email.BindEmailActivity" />
176-->src\main\AndroidManifest.xml:168:9-69
176-->src\main\AndroidManifest.xml:168:19-66
177        <activity android:name="com.bizzan.ui.bind_email.EmailActivity" />
177-->src\main\AndroidManifest.xml:169:9-65
177-->src\main\AndroidManifest.xml:169:19-62
178        <activity android:name="com.bizzan.ui.edit_login_pwd.EditLoginPwdActivity" />
178-->src\main\AndroidManifest.xml:170:9-76
178-->src\main\AndroidManifest.xml:170:19-73
179        <activity android:name="com.bizzan.ui.bind_phone.PhoneActivity" />
179-->src\main\AndroidManifest.xml:171:9-65
179-->src\main\AndroidManifest.xml:171:19-62
180        <activity android:name="com.bizzan.ui.change_phone.ChangePhoneActivity" />
180-->src\main\AndroidManifest.xml:172:9-73
180-->src\main\AndroidManifest.xml:172:19-70
181        <activity android:name="com.bizzan.ui.change_phone.ChangeLeadActivity" />
181-->src\main\AndroidManifest.xml:173:9-72
181-->src\main\AndroidManifest.xml:173:19-69
182        <activity android:name="com.bizzan.ui.message_detail.MessageDetailActivity" />
182-->src\main\AndroidManifest.xml:174:9-77
182-->src\main\AndroidManifest.xml:174:19-74
183        <activity android:name="com.bizzan.ui.lock.LockActivity" />
183-->src\main\AndroidManifest.xml:175:9-58
183-->src\main\AndroidManifest.xml:175:19-55
184        <activity
184-->src\main\AndroidManifest.xml:176:9-178:47
185            android:name="com.bizzan.ui.set_lock.SetLockActivity"
185-->src\main\AndroidManifest.xml:177:13-56
186            android:launchMode="singleTask" />
186-->src\main\AndroidManifest.xml:178:13-44
187        <activity android:name="com.bizzan.ui.order_detail.OrderDetailActivity" />
187-->src\main\AndroidManifest.xml:179:9-73
187-->src\main\AndroidManifest.xml:179:19-70
188        <activity android:name="com.bizzan.ui.appeal.AppealActivity" />
188-->src\main\AndroidManifest.xml:180:9-62
188-->src\main\AndroidManifest.xml:180:19-59
189        <activity android:name="com.bizzan.ui.account_pwd.EditAccountPwdActivity" />
189-->src\main\AndroidManifest.xml:181:9-75
189-->src\main\AndroidManifest.xml:181:19-72
190        <activity android:name="com.bizzan.ui.account_pwd.ResetAccountPwdActivity" />
190-->src\main\AndroidManifest.xml:182:9-76
190-->src\main\AndroidManifest.xml:182:19-73
191        <activity android:name="com.bizzan.ui.chatlist.ChatListActivity" />
191-->src\main\AndroidManifest.xml:183:9-66
191-->src\main\AndroidManifest.xml:183:19-63
192        <activity android:name="com.bizzan.ui.chat.ChatActivity" />
192-->src\main\AndroidManifest.xml:184:9-58
192-->src\main\AndroidManifest.xml:184:19-55
193        <activity android:name="com.bizzan.ui.entrust.TrustListActivity" />
193-->src\main\AndroidManifest.xml:185:9-66
193-->src\main\AndroidManifest.xml:185:19-63
194        <activity android:name="com.bizzan.ui.entrust.TrustListConstractActivity" />
194-->src\main\AndroidManifest.xml:186:9-75
194-->src\main\AndroidManifest.xml:186:19-72
195        <activity android:name="com.bizzan.ui.entrust.TrustlistconstractdataActivity" />
195-->src\main\AndroidManifest.xml:187:9-79
195-->src\main\AndroidManifest.xml:187:19-76
196        <activity android:name="com.bizzan.ui.entrust.TrustDetailActivity" />
196-->src\main\AndroidManifest.xml:188:9-68
196-->src\main\AndroidManifest.xml:188:19-65
197        <activity android:name="com.bizzan.ui.myEntrust.MyEntrustActivity" />
197-->src\main\AndroidManifest.xml:189:9-68
197-->src\main\AndroidManifest.xml:189:19-65
198        <activity android:name="com.bizzan.ui.bind_account.BindAccountActivity" />
198-->src\main\AndroidManifest.xml:190:9-73
198-->src\main\AndroidManifest.xml:190:19-70
199        <activity android:name="com.bizzan.ui.bind_account.BindAliActivity" />
199-->src\main\AndroidManifest.xml:191:9-69
199-->src\main\AndroidManifest.xml:191:19-66
200        <activity android:name="com.bizzan.ui.bind_account.BindBankActivity" />
200-->src\main\AndroidManifest.xml:192:9-70
200-->src\main\AndroidManifest.xml:192:19-67
201        <activity android:name="com.bizzan.ui.bind_account.BindWeiChatActivity" /> <!-- 新加的 -->
201-->src\main\AndroidManifest.xml:193:9-73
201-->src\main\AndroidManifest.xml:193:19-70
202        <activity android:name="com.bizzan.ui.aboutus.AboutJianJieActivity" />
202-->src\main\AndroidManifest.xml:194:9-69
202-->src\main\AndroidManifest.xml:194:19-66
203        <activity android:name="com.bizzan.ui.aboutus.AboutWeiXinActivity" />
203-->src\main\AndroidManifest.xml:195:9-68
203-->src\main\AndroidManifest.xml:195:19-65
204        <activity android:name="com.bizzan.ui.wallet.ChongBiJLActivity" />
204-->src\main\AndroidManifest.xml:196:9-65
204-->src\main\AndroidManifest.xml:196:19-62
205        <activity android:name="com.bizzan.ui.wallet.TiBiJLActivity" />
205-->src\main\AndroidManifest.xml:197:9-62
205-->src\main\AndroidManifest.xml:197:19-59
206        <activity android:name="com.bizzan.ui.setting.GongGaoActivity" />
206-->src\main\AndroidManifest.xml:198:9-64
206-->src\main\AndroidManifest.xml:198:19-61
207        <activity android:name="com.bizzan.ui.setting.HelpActivity" />
207-->src\main\AndroidManifest.xml:199:9-61
207-->src\main\AndroidManifest.xml:199:19-58
208        <activity android:name="com.bizzan.ui.message_detail.MessageHelpActivity" />
208-->src\main\AndroidManifest.xml:200:9-75
208-->src\main\AndroidManifest.xml:200:19-72
209        <activity android:name="com.bizzan.ui.setting.HelpXinShouActivity" />
209-->src\main\AndroidManifest.xml:201:9-68
209-->src\main\AndroidManifest.xml:201:19-65
210        <activity android:name="com.bizzan.ui.setting.HelpChangjianActivity" />
210-->src\main\AndroidManifest.xml:202:9-70
210-->src\main\AndroidManifest.xml:202:19-67
211        <activity android:name="com.bizzan.ui.setting.HelpJiaoyiActivity" />
211-->src\main\AndroidManifest.xml:203:9-67
211-->src\main\AndroidManifest.xml:203:19-64
212        <activity android:name="com.bizzan.ui.setting.HelpBizhongActivity" />
212-->src\main\AndroidManifest.xml:204:9-68
212-->src\main\AndroidManifest.xml:204:19-65
213        <activity android:name="com.bizzan.ui.setting.HelpHangqingActivity" />
213-->src\main\AndroidManifest.xml:205:9-69
213-->src\main\AndroidManifest.xml:205:19-66
214        <activity android:name="com.bizzan.ui.setting.HelpTiaokuanActivity" />
214-->src\main\AndroidManifest.xml:206:9-69
214-->src\main\AndroidManifest.xml:206:19-66
215        <activity android:name="com.bizzan.ui.setting.HelpQitaActivity" />
215-->src\main\AndroidManifest.xml:207:9-65
215-->src\main\AndroidManifest.xml:207:19-62
216        <activity android:name="com.bizzan.ui.credit.CreditInfoActivity" />
216-->src\main\AndroidManifest.xml:208:9-66
216-->src\main\AndroidManifest.xml:208:19-63
217        <activity android:name="com.bizzan.ui.seller.SellerApplyActivity" />
217-->src\main\AndroidManifest.xml:209:9-67
217-->src\main\AndroidManifest.xml:209:19-64
218        <activity android:name="com.bizzan.ui.seller.SellerApplyCommitActivity" />
218-->src\main\AndroidManifest.xml:210:9-73
218-->src\main\AndroidManifest.xml:210:19-70
219        <activity android:name="com.bizzan.ui.aboutus.AddUrlActivity" />
219-->src\main\AndroidManifest.xml:211:9-63
219-->src\main\AndroidManifest.xml:211:19-60
220        <activity
220-->src\main\AndroidManifest.xml:212:9-215:52
221            android:name="com.bizzan.ui.common.ActivityShowFragment"
221-->src\main\AndroidManifest.xml:213:13-59
222            android:configChanges="orientation|screenSize"
222-->src\main\AndroidManifest.xml:214:13-59
223            android:screenOrientation="portrait" />
223-->src\main\AndroidManifest.xml:215:13-49
224        <activity
224-->src\main\AndroidManifest.xml:216:9-218:47
225            android:name="com.bizzan.ui.wallet.OverturnActivity"
225-->src\main\AndroidManifest.xml:217:13-55
226            android:launchMode="singleTask" />
226-->src\main\AndroidManifest.xml:218:13-44
227        <activity android:name="com.bizzan.ui.setting.LanguageActivity" />
227-->src\main\AndroidManifest.xml:219:9-65
227-->src\main\AndroidManifest.xml:219:19-62
228
229        <service android:name="com.bizzan.serivce.MyService" />
229-->src\main\AndroidManifest.xml:221:9-54
229-->src\main\AndroidManifest.xml:221:18-51
230        <service android:name="com.bizzan.serivce.MyTextService" />
230-->src\main\AndroidManifest.xml:222:9-58
230-->src\main\AndroidManifest.xml:222:18-55
231        <service android:name="com.bizzan.serivce.MyTextService_contract" />
231-->src\main\AndroidManifest.xml:223:9-67
231-->src\main\AndroidManifest.xml:223:18-64
232
233        <receiver android:name="com.maiml.updatelibrary.receiver.InstallReceiver" >
233-->src\main\AndroidManifest.xml:225:9-229:20
233-->src\main\AndroidManifest.xml:225:19-82
234            <intent-filter android:priority="20" >
234-->src\main\AndroidManifest.xml:226:13-228:29
234-->src\main\AndroidManifest.xml:226:28-49
235                <action android:name="android.intent.action.DOWNLOAD_COMPLETE" />
235-->src\main\AndroidManifest.xml:227:17-82
235-->src\main\AndroidManifest.xml:227:25-79
236            </intent-filter>
237        </receiver>
238
239        <activity
239-->[:lib-zxing] AndroidManifest.xml:10:9-15:63
240            android:name="com.uuzuche.lib_zxing.activity.CaptureActivity"
240-->[:lib-zxing] AndroidManifest.xml:11:13-74
241            android:configChanges="orientation|keyboardHidden"
241-->[:lib-zxing] AndroidManifest.xml:12:13-63
242            android:screenOrientation="portrait"
242-->[:lib-zxing] AndroidManifest.xml:13:13-49
243            android:theme="@style/Theme.AppCompat.NoActionBar"
243-->[:lib-zxing] AndroidManifest.xml:14:13-63
244            android:windowSoftInputMode="stateAlwaysHidden" />
244-->[:lib-zxing] AndroidManifest.xml:15:13-60
245        <activity
245-->[com.yanzhenjie:permission:1.1.0] AndroidManifest.xml:25:9-30:75
246            android:name="com.yanzhenjie.permission.PermissionActivity"
246-->[com.yanzhenjie:permission:1.1.0] AndroidManifest.xml:26:13-72
247            android:configChanges="keyboardHidden|orientation|screenSize"
247-->[com.yanzhenjie:permission:1.1.0] AndroidManifest.xml:27:13-74
248            android:launchMode="standard"
248-->[com.yanzhenjie:permission:1.1.0] AndroidManifest.xml:28:13-42
249            android:theme="@style/permission_PermissionActivity"
249-->[com.yanzhenjie:permission:1.1.0] AndroidManifest.xml:29:13-65
250            android:windowSoftInputMode="stateHidden|stateAlwaysHidden" />
250-->[com.yanzhenjie:permission:1.1.0] AndroidManifest.xml:30:13-72
251        <activity
251-->[:captchasdk-release-1.0.2:] AndroidManifest.xml:16:9-21:20
252            android:name="com.tencent.captchasdk.TCaptchaPopupActivity"
252-->[:captchasdk-release-1.0.2:] AndroidManifest.xml:17:13-72
253            android:configChanges="orientation|keyboardHidden|navigation"
253-->[:captchasdk-release-1.0.2:] AndroidManifest.xml:18:13-74
254            android:exported="false"
254-->[:captchasdk-release-1.0.2:] AndroidManifest.xml:19:13-37
255            android:theme="@style/TCaptchaPopupDialogActivity" >
255-->[:captchasdk-release-1.0.2:] AndroidManifest.xml:20:13-63
256        </activity>
257    </application>
258
259</manifest>